Using pre-set license
Built from '2021.3/staging' branch; Version is '2021.3.26f1 (a16dc32e0ff2) revision 10579395'; Using compiler version '192829333'; Build Type 'Release'
OS: 'Windows 10  (10.0.19045) 64bit Core' Language: 'en' Physical Memory: 15776 MB
BatchMode: 1, IsHumanControllingUs: 0, StartBugReporterOnCrash: 0, Is64bit: 1, IsPro: 1

COMMAND LINE ARGUMENTS:
C:\Program Files\Unity\Hub\Editor\2021.3.26f1\Editor\Unity.exe
-adb2
-batchMode
-noUpm
-name
AssetImportWorker1
-projectPath
C:/Users/dragon/Documents/GitHub/marshmellow
-logFile
Logs/AssetImportWorker1.log
-srvPort
57654
Successfully changed project path to: C:/Users/dragon/Documents/GitHub/marshmellow
C:/Users/dragon/Documents/GitHub/marshmellow
[UnityMemory] Configuration Parameters - Can be set up in boot.config
    "memorysetup-bucket-allocator-granularity=16"
    "memorysetup-bucket-allocator-bucket-count=8"
    "memorysetup-bucket-allocator-block-size=33554432"
    "memorysetup-bucket-allocator-block-count=8"
    "memorysetup-main-allocator-block-size=16777216"
    "memorysetup-thread-allocator-block-size=16777216"
    "memorysetup-gfx-main-allocator-block-size=16777216"
    "memorysetup-gfx-thread-allocator-block-size=16777216"
    "memorysetup-cache-allocator-block-size=4194304"
    "memorysetup-typetree-allocator-block-size=2097152"
    "memorysetup-profiler-bucket-allocator-granularity=16"
    "memorysetup-profiler-bucket-allocator-bucket-count=8"
    "memorysetup-profiler-bucket-allocator-block-size=33554432"
    "memorysetup-profiler-bucket-allocator-block-count=8"
    "memorysetup-profiler-allocator-block-size=16777216"
    "memorysetup-profiler-editor-allocator-block-size=1048576"
    "memorysetup-temp-allocator-size-main=16777216"
    "memorysetup-job-temp-allocator-block-size=2097152"
    "memorysetup-job-temp-allocator-block-size-background=1048576"
    "memorysetup-job-temp-allocator-reduction-small-platforms=262144"
    "memorysetup-temp-allocator-size-background-worker=32768"
    "memorysetup-temp-allocator-size-job-worker=262144"
    "memorysetup-temp-allocator-size-preload-manager=33554432"
    "memorysetup-temp-allocator-size-nav-mesh-worker=65536"
    "memorysetup-temp-allocator-size-audio-worker=65536"
    "memorysetup-temp-allocator-size-cloud-worker=32768"
    "memorysetup-temp-allocator-size-gi-baking-worker=262144"
    "memorysetup-temp-allocator-size-gfx=262144"
Player connection [25888] Host "[IP] 172.18.224.1 [Port] 0 [Flags] 2 [Guid] 2745037122 [EditorId] 2745037122 [Version] 1048832 [Id] WindowsEditor(7,DESKTOP-9C4M82S) [Debug] 1 [PackageName] WindowsEditor [ProjectName] Editor" joined multi-casting on [225.0.0.222:54997]...

Player connection [25888] Host "[IP] 172.18.224.1 [Port] 0 [Flags] 2 [Guid] 2745037122 [EditorId] 2745037122 [Version] 1048832 [Id] WindowsEditor(7,DESKTOP-9C4M82S) [Debug] 1 [PackageName] WindowsEditor [ProjectName] Editor" joined alternative multi-casting on [225.0.0.222:34997]...

Refreshing native plugins compatible for Editor in 187.84 ms, found 16 plugins.
Preloading 1 native plugins for Editor in 1.30 ms.
Initialize engine version: 2021.3.26f1 (a16dc32e0ff2)
[Subsystems] Discovering subsystems at path C:/Program Files/Unity/Hub/Editor/2021.3.26f1/Editor/Data/Resources/UnitySubsystems
[Subsystems] Discovering subsystems at path C:/Users/dragon/Documents/GitHub/marshmellow/Assets
GfxDevice: creating device client; threaded=0; jobified=0
Direct3D:
    Version:  Direct3D 11.0 [level 11.1]
    Renderer: NVIDIA GeForce RTX 3050 Ti Laptop GPU (ID=0x25a0)
    Vendor:   NVIDIA
    VRAM:     3976 MB
    Driver:   31.0.15.3168
Initialize mono
Mono path[0] = 'C:/Program Files/Unity/Hub/Editor/2021.3.26f1/Editor/Data/Managed'
Mono path[1] = 'C:/Program Files/Unity/Hub/Editor/2021.3.26f1/Editor/Data/MonoBleedingEdge/lib/mono/unityjit-win32'
Mono config path = 'C:/Program Files/Unity/Hub/Editor/2021.3.26f1/Editor/Data/MonoBleedingEdge/etc'
Using monoOptions --debugger-agent=transport=dt_socket,embedding=1,server=y,suspend=n,address=127.0.0.1:56520
Begin MonoManager ReloadAssembly
Registering precompiled unity dll's ...
Register platform support module: C:/Program Files/Unity/Hub/Editor/2021.3.26f1/Editor/Data/PlaybackEngines/AndroidPlayer/UnityEditor.Android.Extensions.dll
Register platform support module: C:/Program Files/Unity/Hub/Editor/2021.3.26f1/Editor/Data/PlaybackEngines/WindowsStandaloneSupport/UnityEditor.WindowsStandalone.Extensions.dll
Registered in 0.013764 seconds.
Native extension for WindowsStandalone target not found
Native extension for Android target not found
Android Extension - Scanning For ADB Devices 439 ms
Refreshing native plugins compatible for Editor in 123.45 ms, found 16 plugins.
Preloading 1 native plugins for Editor in 0.22 ms.
Mono: successfully reloaded assembly
- Completed reload, in  1.454 seconds
Domain Reload Profiling:
	ReloadAssembly (1454ms)
		BeginReloadAssembly (131ms)
			ExecutionOrderSort (0ms)
			DisableScriptedObjects (0ms)
			BackupInstance (0ms)
			ReleaseScriptingObjects (0ms)
			CreateAndSetChildDomain (1ms)
		EndReloadAssembly (1164ms)
			LoadAssemblies (127ms)
			RebuildTransferFunctionScriptingTraits (0ms)
			SetupTypeCache (154ms)
			ReleaseScriptCaches (0ms)
			RebuildScriptCaches (41ms)
			SetupLoadedEditorAssemblies (883ms)
				LogAssemblyErrors (0ms)
				InitializePlatformSupportModulesInManaged (563ms)
				SetLoadedEditorAssemblies (0ms)
				RefreshPlugins (124ms)
				BeforeProcessingInitializeOnLoad (2ms)
				ProcessInitializeOnLoadAttributes (131ms)
				ProcessInitializeOnLoadMethodAttributes (63ms)
				AfterProcessingInitializeOnLoad (0ms)
				EditorAssembliesLoaded (0ms)
			ExecutionOrderSort2 (0ms)
			AwakeInstancesAfterBackupRestoration (0ms)
Platform modules already initialized, skipping
Registering precompiled user dll's ...
Registered in 0.027681 seconds.
Begin MonoManager ReloadAssembly
Symbol file LoadedFromMemory doesn't match image C:\Users\dragon\Documents\GitHub\marshmellow\Library\PackageCache\com.unity.visualscripting@1.8.0\Editor\VisualScripting.Core\Dependencies\DotNetZip\Unity.VisualScripting.IonicZip.dll
Symbol file LoadedFromMemory doesn't match image C:\Users\dragon\Documents\GitHub\marshmellow\Library\PackageCache\com.unity.visualscripting@1.8.0\Editor\VisualScripting.Core\Dependencies\YamlDotNet\Unity.VisualScripting.YamlDotNet.dll
Native extension for WindowsStandalone target not found
Native extension for Android target not found
Refreshing native plugins compatible for Editor in 120.55 ms, found 16 plugins.
Preloading 1 native plugins for Editor in 0.24 ms.
Package Manager log level set to [2]
System.Reflection.TargetInvocationException: Exception has been thrown by the target of an invocation. ---> System.NullReferenceException: Object reference not set to an instance of an object
  at Unity.XR.Oculus.OculusLoader.AssetPathToAbsolutePath (System.String assetPath) [0x0003d] in C:\Users\dragon\Documents\GitHub\marshmellow\Library\PackageCache\com.unity.xr.oculus@3.3.0\Runtime\OculusLoader.cs:282 
  at Unity.XR.Oculus.OculusLoader.EditorLoadOVRPlugin () [0x0007b] in C:\Users\dragon\Documents\GitHub\marshmellow\Library\PackageCache\com.unity.xr.oculus@3.3.0\Runtime\OculusLoader.cs:267 
  at (wrapper managed-to-native) System.Reflection.RuntimeMethodInfo.InternalInvoke(System.Reflection.RuntimeMethodInfo,object,object[],System.Exception&)
  at System.Reflection.RuntimeMethodInfo.Invoke (System.Object obj, System.Reflection.BindingFlags invokeAttr, System.Reflection.Binder binder, System.Object[] parameters, System.Globalization.CultureInfo culture) [0x0006a] in <1c8569827291471e9db0dcd976e97952>:0 
   --- End of inner exception stack trace ---
  at System.Reflection.RuntimeMethodInfo.Invoke (System.Object obj, System.Reflection.BindingFlags invokeAttr, System.Reflection.Binder binder, System.Object[] parameters, System.Globalization.CultureInfo culture) [0x00083] in <1c8569827291471e9db0dcd976e97952>:0 
  at System.Reflection.MethodBase.Invoke (System.Object obj, System.Object[] parameters) [0x00000] in <1c8569827291471e9db0dcd976e97952>:0 
  at UnityEditor.EditorAssemblies.ProcessInitializeOnLoadMethodAttributes () [0x000a5] in <8117508d098d40e7b6cab2e14abb2fdc>:0 
UnityEngine.StackTraceUtility:ExtractStackTrace ()
UnityEngine.DebugLogHandler:LogFormat (UnityEngine.LogType,UnityEngine.Object,string,object[])
UnityEngine.Logger:Log (UnityEngine.LogType,object)
UnityEngine.Debug:LogError (object)
UnityEditor.EditorAssemblies:ProcessInitializeOnLoadMethodAttributes ()

Mono: successfully reloaded assembly
- Completed reload, in  1.908 seconds
Domain Reload Profiling:
	ReloadAssembly (1910ms)
		BeginReloadAssembly (160ms)
			ExecutionOrderSort (0ms)
			DisableScriptedObjects (8ms)
			BackupInstance (0ms)
			ReleaseScriptingObjects (0ms)
			CreateAndSetChildDomain (29ms)
		EndReloadAssembly (1587ms)
			LoadAssemblies (143ms)
			RebuildTransferFunctionScriptingTraits (0ms)
			SetupTypeCache (471ms)
			ReleaseScriptCaches (1ms)
			RebuildScriptCaches (95ms)
			SetupLoadedEditorAssemblies (797ms)
				LogAssemblyErrors (0ms)
				InitializePlatformSupportModulesInManaged (30ms)
				SetLoadedEditorAssemblies (0ms)
				RefreshPlugins (121ms)
				BeforeProcessingInitializeOnLoad (138ms)
				ProcessInitializeOnLoadAttributes (410ms)
				ProcessInitializeOnLoadMethodAttributes (83ms)
				AfterProcessingInitializeOnLoad (14ms)
				EditorAssembliesLoaded (0ms)
			ExecutionOrderSort2 (0ms)
			AwakeInstancesAfterBackupRestoration (6ms)
Platform modules already initialized, skipping
========================================================================
Worker process is ready to serve import requests
Launched and connected shader compiler UnityShaderCompiler.exe after 0.12 seconds
Refreshing native plugins compatible for Editor in 2.21 ms, found 16 plugins.
Preloading 1 native plugins for Editor in 0.27 ms.
Unloading 4737 Unused Serialized files (Serialized files now loaded: 0)
Unloading 110 unused Assets / (291.7 KB). Loaded Objects now: 5198.
Memory consumption went from 181.0 MB to 180.8 MB.
Total: 5.245700 ms (FindLiveObjects: 0.654500 ms CreateObjectMapping: 0.246300 ms MarkObjects: 4.142400 ms  DeleteObjects: 0.201000 ms)

AssetImportParameters requested are different than current active one (requested -> active):
  custom:video-decoder-ogg-theora: a1e56fd34408186e4bbccfd4996cb3dc -> 
  custom:container-muxer-webm: aa71ff27fc2769a1b78a27578f13a17b -> 
  custom:container-demuxer-webm: 4f35f7cbe854078d1ac9338744f61a02 -> 
  custom:video-encoder-webm-vp8: eb34c28f22e8b96e1ab97ce403110664 -> 
  custom:audio-encoder-webm-vorbis: bf7c407c2cedff20999df2af8eb42d56 -> 
  custom:framework-win-MediaFoundation: 216162199b28c13a410421893ffa2e32 -> 
  custom:container-demuxer-ogg: 62fdf1f143b41e24485cea50d1cbac27 -> 
  custom:video-decoder-webm-vp8: 9c59270c3fd7afecdb556c50c9e8de78 -> 
  custom:audio-decoder-ogg-vorbis: bf7c407c2cedff20999df2af8eb42d56 -> 
========================================================================
Received Import Request.
  Time since last request: 82440.059572 seconds.
  path: Assets/Photon/PhotonUnityNetworking/Resources/PhotonServerSettings.asset
  artifactKey: Guid(dd49307086266ce4b9d613a72de0273c) Importer(815301076,1909f56bfc062723c751e8b465ee728b)
Start importing Assets/Photon/PhotonUnityNetworking/Resources/PhotonServerSettings.asset using Guid(dd49307086266ce4b9d613a72de0273c) Importer(815301076,1909f56bfc062723c751e8b465ee728b)  -> (artifact id: '8d61e24cbb63df10ee7474b970e27704') in 0.043906 seconds 
========================================================================
Received Import Request.
  Time since last request: 54.572079 seconds.
  path: Assets/Photon/PhotonVoice/Demos/DemoVoiceUI/Media/gizmo-speaker.png
  artifactKey: Guid(78b736601df34e145b113200f637e37f) Importer(815301076,1909f56bfc062723c751e8b465ee728b)
Start importing Assets/Photon/PhotonVoice/Demos/DemoVoiceUI/Media/gizmo-speaker.png using Guid(78b736601df34e145b113200f637e37f) Importer(815301076,1909f56bfc062723c751e8b465ee728b)  -> (artifact id: '07045d1a2be7a9d71d09a78c02ba6166') in 0.132743 seconds 
========================================================================
Received Import Request.
  Time since last request: 0.000032 seconds.
  path: Assets/Photon/PhotonVoice/Demos/DemoVoiceUI/Prefabs/RemoteSpeakerPrefab.prefab
  artifactKey: Guid(68d1999e77809664ab4e058635090f3c) Importer(815301076,1909f56bfc062723c751e8b465ee728b)
Start importing Assets/Photon/PhotonVoice/Demos/DemoVoiceUI/Prefabs/RemoteSpeakerPrefab.prefab using Guid(68d1999e77809664ab4e058635090f3c) Importer(815301076,1909f56bfc062723c751e8b465ee728b)  -> (artifact id: '76a4d23202a3f3d8c6e71343c6c91865') in 0.038129 seconds 
========================================================================
Received Import Request.
  Time since last request: 0.000042 seconds.
  path: Assets/Photon/PhotonVoice/Demos/DemoVoicePun/Resources/Speaker.prefab
  artifactKey: Guid(74d3f5789ce48c041b35b67b9f1e8064) Importer(815301076,1909f56bfc062723c751e8b465ee728b)
Start importing Assets/Photon/PhotonVoice/Demos/DemoVoicePun/Resources/Speaker.prefab using Guid(74d3f5789ce48c041b35b67b9f1e8064) Importer(815301076,1909f56bfc062723c751e8b465ee728b)  -> (artifact id: '4838a9c88cd18a23c897e8a4b60e35ad') in 0.005600 seconds 
========================================================================
Received Import Request.
  Time since last request: 0.000028 seconds.
  path: Assets/Photon/PhotonVoice/Demos/Fusion/DemoFollowState/SpeakerPrefab.prefab
  artifactKey: Guid(bb8ef1209faed4d4689110b91eae8e1c) Importer(815301076,1909f56bfc062723c751e8b465ee728b)
Start importing Assets/Photon/PhotonVoice/Demos/Fusion/DemoFollowState/SpeakerPrefab.prefab using Guid(bb8ef1209faed4d4689110b91eae8e1c) Importer(815301076,1909f56bfc062723c751e8b465ee728b)  -> (artifact id: '48079be48fbec5a9b9ee80678bc46c43') in 0.005077 seconds 
========================================================================
Received Import Request.
  Time since last request: 23.474820 seconds.
  path: Assets/Photon/PhotonUnityNetworking/Demos/DemoAsteroids/Resources/BigAsteroid.prefab
  artifactKey: Guid(15f43343ba0a60e47a63d28496373c3f) Importer(815301076,1909f56bfc062723c751e8b465ee728b)
Start importing Assets/Photon/PhotonUnityNetworking/Demos/DemoAsteroids/Resources/BigAsteroid.prefab using Guid(15f43343ba0a60e47a63d28496373c3f) Importer(815301076,1909f56bfc062723c751e8b465ee728b)  -> (artifact id: '2e8b1ad83a899c60df1daefb7a655273') in 0.059151 seconds 
========================================================================
Received Import Request.
  Time since last request: 0.000029 seconds.
  path: Assets/Samples/XR Interaction Toolkit/2.3.2/Starter Assets/Prefabs/Teleport/Blocking Teleport Reticle.prefab
  artifactKey: Guid(a3fde713df4d99042a0403c4be9eea32) Importer(815301076,1909f56bfc062723c751e8b465ee728b)
Start importing Assets/Samples/XR Interaction Toolkit/2.3.2/Starter Assets/Prefabs/Teleport/Blocking Teleport Reticle.prefab using Guid(a3fde713df4d99042a0403c4be9eea32) Importer(815301076,1909f56bfc062723c751e8b465ee728b)  -> (artifact id: '12088ce7c07d628f15e51a29389fcf73') in 0.014502 seconds 
========================================================================
Received Import Request.
  Time since last request: 0.000027 seconds.
  path: Assets/Photon/PhotonVoice/Demos/DemoVoicePun/Resources/Boy-Local.prefab
  artifactKey: Guid(918176382df6c6644be68959372cc869) Importer(815301076,1909f56bfc062723c751e8b465ee728b)
Start importing Assets/Photon/PhotonVoice/Demos/DemoVoicePun/Resources/Boy-Local.prefab using Guid(918176382df6c6644be68959372cc869) Importer(815301076,1909f56bfc062723c751e8b465ee728b)  -> (artifact id: '33e2c7434bca9ed1276632b11f1b2ccc') in 0.116539 seconds 
========================================================================
Received Import Request.
  Time since last request: 0.000043 seconds.
  path: Assets/Photon/PhotonVoice/Demos/DemoVoicePun/Resources/Boy.prefab
  artifactKey: Guid(4e5a0d387dc27394b81600988ad0216f) Importer(815301076,1909f56bfc062723c751e8b465ee728b)
Start importing Assets/Photon/PhotonVoice/Demos/DemoVoicePun/Resources/Boy.prefab using Guid(4e5a0d387dc27394b81600988ad0216f) Importer(815301076,1909f56bfc062723c751e8b465ee728b)  -> (artifact id: '4e6e2871552e24fd37a5453e98fc592e') in 0.027237 seconds 
========================================================================
Received Import Request.
  Time since last request: 0.675625 seconds.
  path: Assets/Photon/PhotonVoice/Demos/DemoVoicePun/Stylized city/Models/bush1.FBX
  artifactKey: Guid(9d33d17195b6dea42bb7023836010e8d) Importer(815301076,1909f56bfc062723c751e8b465ee728b)
Start importing Assets/Photon/PhotonVoice/Demos/DemoVoicePun/Stylized city/Models/bush1.FBX using Guid(9d33d17195b6dea42bb7023836010e8d) Importer(815301076,1909f56bfc062723c751e8b465ee728b)  -> (artifact id: '8515264c420c4ff571a977c02691ade3') in 0.056659 seconds 
========================================================================
Received Import Request.
  Time since last request: 0.291063 seconds.
  path: Assets/Photon/PhotonUnityNetworking/Demos/Shared Assets/Prefabs/UI/Button Regular.prefab
  artifactKey: Guid(395d3cc3d7cf0014a870fee72cbd3490) Importer(815301076,1909f56bfc062723c751e8b465ee728b)
Start importing Assets/Photon/PhotonUnityNetworking/Demos/Shared Assets/Prefabs/UI/Button Regular.prefab using Guid(395d3cc3d7cf0014a870fee72cbd3490) Importer(815301076,1909f56bfc062723c751e8b465ee728b)  -> (artifact id: 'f13f3ef5a7927345491a08a5a1c8854c') in 0.009873 seconds 
========================================================================
Received Import Request.
  Time since last request: 0.003958 seconds.
  path: Assets/Photon/PhotonUnityNetworking/Demos/DemoSlotRacer/Kenney Assets/Stylized city/Models/car_1.FBX
  artifactKey: Guid(1ec55baed88ac07429a52bee4c519015) Importer(815301076,1909f56bfc062723c751e8b465ee728b)
Start importing Assets/Photon/PhotonUnityNetworking/Demos/DemoSlotRacer/Kenney Assets/Stylized city/Models/car_1.FBX using Guid(1ec55baed88ac07429a52bee4c519015) Importer(815301076,1909f56bfc062723c751e8b465ee728b)  -> (artifact id: 'd5f7aae4510d2f6164d74828f0538859') in 0.132532 seconds 
========================================================================
Received Import Request.
  Time since last request: 0.000034 seconds.
  path: Assets/Photon/PhotonUnityNetworking/Demos/DemoSlotRacer/Kenney Assets/Stylized city/Models/car_4.FBX
  artifactKey: Guid(f3cb3c8f5cd4b514ebf9fbfda32cb36d) Importer(815301076,1909f56bfc062723c751e8b465ee728b)
Start importing Assets/Photon/PhotonUnityNetworking/Demos/DemoSlotRacer/Kenney Assets/Stylized city/Models/car_4.FBX using Guid(f3cb3c8f5cd4b514ebf9fbfda32cb36d) Importer(815301076,1909f56bfc062723c751e8b465ee728b)  -> (artifact id: '78039b8597dfa8815d2e46303aa91d09') in 0.104703 seconds 
========================================================================
Received Import Request.
  Time since last request: 0.765780 seconds.
  path: Assets/Samples/XR Interaction Toolkit/2.3.2/Starter Assets/Prefabs/Complete Teleport Area Set Up.prefab
  artifactKey: Guid(3e07eccb5e6f459d886de95044adb1d9) Importer(815301076,1909f56bfc062723c751e8b465ee728b)
Start importing Assets/Samples/XR Interaction Toolkit/2.3.2/Starter Assets/Prefabs/Complete Teleport Area Set Up.prefab using Guid(3e07eccb5e6f459d886de95044adb1d9) Importer(815301076,1909f56bfc062723c751e8b465ee728b)  -> (artifact id: '59bdf0a32c4abf669c10152c9700681f') in 0.053213 seconds 
========================================================================
Received Import Request.
  Time since last request: 0.000031 seconds.
  path: Assets/Normal/Examples/VR Player/Resources/completed_beta_man.blend
  artifactKey: Guid(b0fdc62a471d7a74b978f63cce3a6a4d) Importer(815301076,1909f56bfc062723c751e8b465ee728b)
Start importing Assets/Normal/Examples/VR Player/Resources/completed_beta_man.blend using Guid(b0fdc62a471d7a74b978f63cce3a6a4d) Importer(815301076,1909f56bfc062723c751e8b465ee728b)  -> (artifact id: '4cf45bdb915125e9e07b9519a24d569e') in 0.076194 seconds 
========================================================================
Received Import Request.
  Time since last request: 0.000030 seconds.
  path: Assets/Samples/XR Interaction Toolkit/2.3.2/Starter Assets/Prefabs/XR Origin Pieces/Direct Interactor.prefab
  artifactKey: Guid(2fd3e07afe5b461490fb8e314976b1b0) Importer(815301076,1909f56bfc062723c751e8b465ee728b)
Start importing Assets/Samples/XR Interaction Toolkit/2.3.2/Starter Assets/Prefabs/XR Origin Pieces/Direct Interactor.prefab using Guid(2fd3e07afe5b461490fb8e314976b1b0) Importer(815301076,1909f56bfc062723c751e8b465ee728b)  -> (artifact id: '44b8e9d5036c531bf050a80c72075edc') in 0.011279 seconds 
========================================================================
Received Import Request.
  Time since last request: 0.000071 seconds.
  path: Assets/Samples/XR Interaction Toolkit/2.3.2/Starter Assets/Prefabs/Teleport/Directional Teleport Reticle.prefab
  artifactKey: Guid(893219773891c784ab469a39151879b4) Importer(815301076,1909f56bfc062723c751e8b465ee728b)
Start importing Assets/Samples/XR Interaction Toolkit/2.3.2/Starter Assets/Prefabs/Teleport/Directional Teleport Reticle.prefab using Guid(893219773891c784ab469a39151879b4) Importer(815301076,1909f56bfc062723c751e8b465ee728b)  -> (artifact id: 'd980b881fcd026da286d3c654bc41642') in 0.011359 seconds 
========================================================================
Received Import Request.
  Time since last request: 0.000075 seconds.
  path: Assets/YughuesFreeMetalMaterials/Demo/DEMO_YFMM_SphereMesh.FBX
  artifactKey: Guid(4f949ae83a043c64d9ee5d95fc9db193) Importer(815301076,1909f56bfc062723c751e8b465ee728b)
Start importing Assets/YughuesFreeMetalMaterials/Demo/DEMO_YFMM_SphereMesh.FBX using Guid(4f949ae83a043c64d9ee5d95fc9db193) Importer(815301076,1909f56bfc062723c751e8b465ee728b)  -> (artifact id: '2185afd9e766b8d9732c5f0629cbae24') in 0.019362 seconds 
========================================================================
Received Import Request.
  Time since last request: 0.000027 seconds.
  path: Assets/Normal/Examples/Blank Scene Template/Environment.prefab
  artifactKey: Guid(0317d2532e17f104fabb5020a7e94e65) Importer(815301076,1909f56bfc062723c751e8b465ee728b)
Start importing Assets/Normal/Examples/Blank Scene Template/Environment.prefab using Guid(0317d2532e17f104fabb5020a7e94e65) Importer(815301076,1909f56bfc062723c751e8b465ee728b)  -> (artifact id: '3e124f0f0c2aad5ad3151a9db774f29d') in 0.048659 seconds 
========================================================================
Received Import Request.
  Time since last request: 0.000025 seconds.
  path: Assets/Photon/PhotonUnityNetworking/Demos/PunBasics-Tutorial/Prefabs/Game Manager.prefab
  artifactKey: Guid(b7fe671fa5d4d4772a4b20715fb9b0ff) Importer(815301076,1909f56bfc062723c751e8b465ee728b)
Start importing Assets/Photon/PhotonUnityNetworking/Demos/PunBasics-Tutorial/Prefabs/Game Manager.prefab using Guid(b7fe671fa5d4d4772a4b20715fb9b0ff) Importer(815301076,1909f56bfc062723c751e8b465ee728b)  -> (artifact id: '661b829e5aad1b6e58c8b2c5a62d88d1') in 0.013591 seconds 
========================================================================
Received Import Request.
  Time since last request: 0.000036 seconds.
  path: Assets/Photon/PhotonUnityNetworking/Demos/Shared Assets/Animations/HumanoidJumpAndFall.fbx
  artifactKey: Guid(51dd2e4c869794f75a0df7d54b210214) Importer(815301076,1909f56bfc062723c751e8b465ee728b)
Start importing Assets/Photon/PhotonUnityNetworking/Demos/Shared Assets/Animations/HumanoidJumpAndFall.fbx using Guid(51dd2e4c869794f75a0df7d54b210214) Importer(815301076,1909f56bfc062723c751e8b465ee728b)  -> (artifact id: 'fa407d1db5598f58ab362d1a2b5ed571') in 0.013359 seconds 
========================================================================
Received Import Request.
  Time since last request: 0.000031 seconds.
  path: Assets/Resources/GorillaPrefabs/Gorilla Rig.prefab
  artifactKey: Guid(ce5c2251d70caf148bbad13bb99ebf54) Importer(815301076,1909f56bfc062723c751e8b465ee728b)
Start importing Assets/Resources/GorillaPrefabs/Gorilla Rig.prefab using Guid(ce5c2251d70caf148bbad13bb99ebf54) Importer(815301076,1909f56bfc062723c751e8b465ee728b)  -> (artifact id: 'eed7c10347d647abc847ecfe00b31c24') in 0.016638 seconds 
========================================================================
Received Import Request.
  Time since last request: 0.000029 seconds.
  path: Assets/Samples/XR Interaction Toolkit/2.3.2/Starter Assets/Prefabs/Interactables/Interactable Simple Cube.prefab
  artifactKey: Guid(2e16046ebcbcb6742a86569d82e56cce) Importer(815301076,1909f56bfc062723c751e8b465ee728b)
Start importing Assets/Samples/XR Interaction Toolkit/2.3.2/Starter Assets/Prefabs/Interactables/Interactable Simple Cube.prefab using Guid(2e16046ebcbcb6742a86569d82e56cce) Importer(815301076,1909f56bfc062723c751e8b465ee728b)  -> (artifact id: '15e2b0942d74533a1d1f504c0c7ddc69') in 0.031515 seconds 
========================================================================
Received Import Request.
  Time since last request: 0.000027 seconds.
  path: Assets/Photon/PhotonUnityNetworking/Demos/Shared Assets/Animations/HumanoidRunTurnSharp.fbx
  artifactKey: Guid(f2bed5dc5afacff44a00de8daae9703b) Importer(815301076,1909f56bfc062723c751e8b465ee728b)
Start importing Assets/Photon/PhotonUnityNetworking/Demos/Shared Assets/Animations/HumanoidRunTurnSharp.fbx using Guid(f2bed5dc5afacff44a00de8daae9703b) Importer(815301076,1909f56bfc062723c751e8b465ee728b)  -> (artifact id: 'e15b7000d9ad419e71bcec0c811ccc0d') in 0.010228 seconds 
========================================================================
Received Import Request.
  Time since last request: 0.000045 seconds.
  path: Assets/Photon/PhotonUnityNetworking/Demos/Shared Assets/Animations/HumanoidWalk.fbx
  artifactKey: Guid(b1a5e04ae51004842aba06704a6c2903) Importer(815301076,1909f56bfc062723c751e8b465ee728b)
Start importing Assets/Photon/PhotonUnityNetworking/Demos/Shared Assets/Animations/HumanoidWalk.fbx using Guid(b1a5e04ae51004842aba06704a6c2903) Importer(815301076,1909f56bfc062723c751e8b465ee728b)  -> (artifact id: '86b4cadd5e2434eada6ba9cd2d237f1d') in 0.010206 seconds 
========================================================================
Received Import Request.
  Time since last request: 0.000025 seconds.
  path: Assets/lil_man.blend
  artifactKey: Guid(2e0d44c40f383bd4e81dfcd2341fed92) Importer(815301076,1909f56bfc062723c751e8b465ee728b)
Start importing Assets/lil_man.blend using Guid(2e0d44c40f383bd4e81dfcd2341fed92) Importer(815301076,1909f56bfc062723c751e8b465ee728b)  -> (artifact id: '6ac1ce377d94342f8d8d1b32fe381590') in 0.102488 seconds 
========================================================================
Received Import Request.
  Time since last request: 0.000029 seconds.
  path: Assets/Photon/PhotonUnityNetworking/Demos/DemoAsteroids/Prefabs/PlayerListEntry.prefab
  artifactKey: Guid(d68bf8413681d9b4aa7328277e632e3f) Importer(815301076,1909f56bfc062723c751e8b465ee728b)
Start importing Assets/Photon/PhotonUnityNetworking/Demos/DemoAsteroids/Prefabs/PlayerListEntry.prefab using Guid(d68bf8413681d9b4aa7328277e632e3f) Importer(815301076,1909f56bfc062723c751e8b465ee728b)  -> (artifact id: 'f46a35fdee58dc77990a3585c0c542bd') in 0.010983 seconds 
========================================================================
Received Import Request.
  Time since last request: 0.000026 seconds.
  path: Assets/Photon/PhotonUnityNetworking/Demos/Shared Assets/Models/Pointer.fbx
  artifactKey: Guid(0baebe6c8f51e754a96dd7d4dee9bb4e) Importer(815301076,1909f56bfc062723c751e8b465ee728b)
Start importing Assets/Photon/PhotonUnityNetworking/Demos/Shared Assets/Models/Pointer.fbx using Guid(0baebe6c8f51e754a96dd7d4dee9bb4e) Importer(815301076,1909f56bfc062723c751e8b465ee728b)  -> (artifact id: '620ed0754c2b6347cbabd9361003d08b') in 0.019797 seconds 
========================================================================
Received Import Request.
  Time since last request: 0.000034 seconds.
  path: Assets/Normal/Examples/Hoverbird Player/Realtime + Hoverbird Player.prefab
  artifactKey: Guid(eec4742210fff4265b4d680e692d4ebc) Importer(815301076,1909f56bfc062723c751e8b465ee728b)
Start importing Assets/Normal/Examples/Hoverbird Player/Realtime + Hoverbird Player.prefab using Guid(eec4742210fff4265b4d680e692d4ebc) Importer(815301076,1909f56bfc062723c751e8b465ee728b)  -> (artifact id: '678074553d3f69733050e66f784b5039') in 0.016392 seconds 
========================================================================
Received Import Request.
  Time since last request: 0.000058 seconds.
  path: Assets/Normal/Examples/Cube Player/Realtime + Cube Player.prefab
  artifactKey: Guid(cec929e6874b9f34a8ff954244b7e748) Importer(815301076,1909f56bfc062723c751e8b465ee728b)
Start importing Assets/Normal/Examples/Cube Player/Realtime + Cube Player.prefab using Guid(cec929e6874b9f34a8ff954244b7e748) Importer(815301076,1909f56bfc062723c751e8b465ee728b)  -> (artifact id: '50a5a97b2bcd71f23ca2c5999459b3c9') in 0.008441 seconds 
========================================================================
Received Import Request.
  Time since last request: 0.000044 seconds.
  path: Assets/Photon/PhotonUnityNetworking/Demos/DemoSlotRacer/Kenney Assets/Racing Kit/Models/roadStraight.fbx
  artifactKey: Guid(ca7c80957e4a0044c8068142334ca1b3) Importer(815301076,1909f56bfc062723c751e8b465ee728b)
Start importing Assets/Photon/PhotonUnityNetworking/Demos/DemoSlotRacer/Kenney Assets/Racing Kit/Models/roadStraight.fbx using Guid(ca7c80957e4a0044c8068142334ca1b3) Importer(815301076,1909f56bfc062723c751e8b465ee728b)  -> (artifact id: '7d7f03383df428055f7d22cb457e2beb') in 0.023758 seconds 
========================================================================
Received Import Request.
  Time since last request: 0.000028 seconds.
  path: Assets/Photon/PhotonUnityNetworking/Demos/DemoAsteroids/Prefabs/RoomListEntry.prefab
  artifactKey: Guid(03c5e15309335324fba99d68e38cb08b) Importer(815301076,1909f56bfc062723c751e8b465ee728b)
Start importing Assets/Photon/PhotonUnityNetworking/Demos/DemoAsteroids/Prefabs/RoomListEntry.prefab using Guid(03c5e15309335324fba99d68e38cb08b) Importer(815301076,1909f56bfc062723c751e8b465ee728b)  -> (artifact id: 'be0eff42d6d3ffe8b6799534b5381b90') in 0.007705 seconds 
========================================================================
Received Import Request.
  Time since last request: 0.000026 seconds.
  path: Assets/Photon/PhotonUnityNetworking/Demos/DemoSlotRacer/Prefabs/SlotCar_A.prefab
  artifactKey: Guid(4910a004464ca4efa808af20d2eb1e15) Importer(815301076,1909f56bfc062723c751e8b465ee728b)
Start importing Assets/Photon/PhotonUnityNetworking/Demos/DemoSlotRacer/Prefabs/SlotCar_A.prefab using Guid(4910a004464ca4efa808af20d2eb1e15) Importer(815301076,1909f56bfc062723c751e8b465ee728b)  -> (artifact id: '8d7a80225a0cb7b75b2be0fc037a5a46') in 0.017554 seconds 
========================================================================
Received Import Request.
  Time since last request: 0.000029 seconds.
  path: Assets/Photon/PhotonUnityNetworking/Demos/DemoSlotRacer/Prefabs/SlotCar_B.prefab
  artifactKey: Guid(71e3000ee30414d368eeee6d87961b6d) Importer(815301076,1909f56bfc062723c751e8b465ee728b)
Start importing Assets/Photon/PhotonUnityNetworking/Demos/DemoSlotRacer/Prefabs/SlotCar_B.prefab using Guid(71e3000ee30414d368eeee6d87961b6d) Importer(815301076,1909f56bfc062723c751e8b465ee728b)  -> (artifact id: '66e135039d07242e15a2e167b507d31a') in 0.019618 seconds 
========================================================================
Received Import Request.
  Time since last request: 0.000035 seconds.
  path: Assets/Normal/Examples/Cube Player/Resources/CubePlayer.prefab
  artifactKey: Guid(2e290279b66bdc043bf585cf681fed70) Importer(815301076,1909f56bfc062723c751e8b465ee728b)
Start importing Assets/Normal/Examples/Cube Player/Resources/CubePlayer.prefab using Guid(2e290279b66bdc043bf585cf681fed70) Importer(815301076,1909f56bfc062723c751e8b465ee728b)  -> (artifact id: '957c5ff6275a021a0403f7d5ad7048c1') in 0.011894 seconds 
========================================================================
Received Import Request.
  Time since last request: 0.000025 seconds.
  path: Assets/Photon/PhotonVoice/Demos/DemoVoicePun/Resources/Hellephant-Remote.prefab
  artifactKey: Guid(912c2829d51be264d909b2ec61a5c020) Importer(815301076,1909f56bfc062723c751e8b465ee728b)
Start importing Assets/Photon/PhotonVoice/Demos/DemoVoicePun/Resources/Hellephant-Remote.prefab using Guid(912c2829d51be264d909b2ec61a5c020) Importer(815301076,1909f56bfc062723c751e8b465ee728b)  -> (artifact id: '338d48a5fc409700fb0b69e6f6fa1e28') in 0.033612 seconds 
========================================================================
Received Import Request.
  Time since last request: 0.000039 seconds.
  path: Assets/Photon/PhotonUnityNetworking/Demos/Shared Assets/Prefabs/UI/Tooltip.prefab
  artifactKey: Guid(87d5aa043215a47cba8b74ae3490a936) Importer(815301076,1909f56bfc062723c751e8b465ee728b)
Start importing Assets/Photon/PhotonUnityNetworking/Demos/Shared Assets/Prefabs/UI/Tooltip.prefab using Guid(87d5aa043215a47cba8b74ae3490a936) Importer(815301076,1909f56bfc062723c751e8b465ee728b)  -> (artifact id: '2c68e6fcf67efc7fbbbe303bf74c1b06') in 0.006464 seconds 
========================================================================
Received Import Request.
  Time since last request: 0.000025 seconds.
  path: Assets/Photon/PhotonUnityNetworking/Demos/Shared Assets/Prefabs/UI/Toggle Regular.prefab
  artifactKey: Guid(82b2227f60269dd46b9a921faca9dc1f) Importer(815301076,1909f56bfc062723c751e8b465ee728b)
Start importing Assets/Photon/PhotonUnityNetworking/Demos/Shared Assets/Prefabs/UI/Toggle Regular.prefab using Guid(82b2227f60269dd46b9a921faca9dc1f) Importer(815301076,1909f56bfc062723c751e8b465ee728b)  -> (artifact id: 'c054c9990376ce50afd44dd930dc5be4') in 0.006703 seconds 
========================================================================
Received Import Request.
  Time since last request: 0.000028 seconds.
  path: Assets/Resources/PhotonVR/Assets/VRHand.fbx
  artifactKey: Guid(67aca31b40801f1418f672e25d5d4f2b) Importer(815301076,1909f56bfc062723c751e8b465ee728b)
Start importing Assets/Resources/PhotonVR/Assets/VRHand.fbx using Guid(67aca31b40801f1418f672e25d5d4f2b) Importer(815301076,1909f56bfc062723c751e8b465ee728b)  -> (artifact id: '6068a0e4d7551af73ffe73dcf973361d') in 0.021860 seconds 
========================================================================
Received Import Request.
  Time since last request: 0.000043 seconds.
  path: Assets/Samples/XR Interaction Toolkit/2.3.2/Starter Assets/Prefabs/XR Origin Pieces/XR Origin Preconfigured.prefab
  artifactKey: Guid(f6336ac4ac8b4d34bc5072418cdc62a0) Importer(815301076,1909f56bfc062723c751e8b465ee728b)
Start importing Assets/Samples/XR Interaction Toolkit/2.3.2/Starter Assets/Prefabs/XR Origin Pieces/XR Origin Preconfigured.prefab using Guid(f6336ac4ac8b4d34bc5072418cdc62a0) Importer(815301076,1909f56bfc062723c751e8b465ee728b)  -> (artifact id: '2b1584888dbcf7bb38aadd879753eed0') in 0.075966 seconds 
========================================================================
Received Import Request.
  Time since last request: 0.000032 seconds.
  path: Assets/Photon/PhotonVoice/Demos/DemoVoicePun/Resources/ZomBunny.prefab
  artifactKey: Guid(e5171f72421770240bd7c3989fe351e3) Importer(815301076,1909f56bfc062723c751e8b465ee728b)
Start importing Assets/Photon/PhotonVoice/Demos/DemoVoicePun/Resources/ZomBunny.prefab using Guid(e5171f72421770240bd7c3989fe351e3) Importer(815301076,1909f56bfc062723c751e8b465ee728b)  -> (artifact id: 'a350a37c824ba51a0ea71feba4b6664b') in 0.044970 seconds 
========================================================================
Received Import Request.
  Time since last request: 0.000025 seconds.
  path: Assets/Photon/PhotonVoice/Demos/DemoVoicePun/Resources/ZomBunny-Local.prefab
  artifactKey: Guid(4233d53159a29e241aaa0aecfbd62c78) Importer(815301076,1909f56bfc062723c751e8b465ee728b)
Start importing Assets/Photon/PhotonVoice/Demos/DemoVoicePun/Resources/ZomBunny-Local.prefab using Guid(4233d53159a29e241aaa0aecfbd62c78) Importer(815301076,1909f56bfc062723c751e8b465ee728b)  -> (artifact id: '063e70fb1f45e9437e684445223b5dc4') in 0.033793 seconds 
========================================================================
Received Import Request.
  Time since last request: 0.000031 seconds.
  path: Assets/Photon/PhotonVoice/Demos/Fusion/DemoNetworkObject/RunnerAndVoice.prefab
  artifactKey: Guid(39af9cd13dc16ea4e8fddc0ac842f065) Importer(815301076,1909f56bfc062723c751e8b465ee728b)
Start importing Assets/Photon/PhotonVoice/Demos/Fusion/DemoNetworkObject/RunnerAndVoice.prefab using Guid(39af9cd13dc16ea4e8fddc0ac842f065) Importer(815301076,1909f56bfc062723c751e8b465ee728b)  -> (artifact id: '5cd70fb00c860655a7245a440bd811ec') in 0.005644 seconds 
========================================================================
Received Import Request.
  Time since last request: 0.000027 seconds.
  path: Assets/Photon/PhotonUnityNetworking/Demos/DemoAsteroids/Models/LaserBolt.fbx
  artifactKey: Guid(efbb13993d8043d4ba5c752ed4b1a2bc) Importer(815301076,1909f56bfc062723c751e8b465ee728b)
Start importing Assets/Photon/PhotonUnityNetworking/Demos/DemoAsteroids/Models/LaserBolt.fbx using Guid(efbb13993d8043d4ba5c752ed4b1a2bc) Importer(815301076,1909f56bfc062723c751e8b465ee728b)  -> (artifact id: '33869f5b023ffe65e2638d8e09a74c30') in 0.016522 seconds 
========================================================================
Received Import Request.
  Time since last request: 0.000033 seconds.
  path: Assets/Photon/PhotonUnityNetworking/Demos/DemoSlotRacer/Resources/Player Controller.prefab
  artifactKey: Guid(c9248d8e58293473bb27cf2f5505f88b) Importer(815301076,1909f56bfc062723c751e8b465ee728b)
Start importing Assets/Photon/PhotonUnityNetworking/Demos/DemoSlotRacer/Resources/Player Controller.prefab using Guid(c9248d8e58293473bb27cf2f5505f88b) Importer(815301076,1909f56bfc062723c751e8b465ee728b)  -> (artifact id: 'b918abcef66ddb2841637112b633f954') in 0.013798 seconds 
========================================================================
Received Import Request.
  Time since last request: 0.000049 seconds.
  path: Assets/Samples/XR Interaction Toolkit/2.3.2/Starter Assets/Prefabs/XR Origin Pieces/Teleport Interactor.prefab
  artifactKey: Guid(c1800acf6366418a9b5f610249000331) Importer(815301076,1909f56bfc062723c751e8b465ee728b)
Start importing Assets/Samples/XR Interaction Toolkit/2.3.2/Starter Assets/Prefabs/XR Origin Pieces/Teleport Interactor.prefab using Guid(c1800acf6366418a9b5f610249000331) Importer(815301076,1909f56bfc062723c751e8b465ee728b)  -> (artifact id: '09aab1236c98b397c54b98f3e1f88d74') in 0.020823 seconds 
========================================================================
Received Import Request.
  Time since last request: 0.000027 seconds.
  path: Assets/Photon/PhotonUnityNetworking/Demos/Shared Assets/Animations/HumanoidCrouch.fbx
  artifactKey: Guid(d89ea37480b6d75458aa38843e9688dc) Importer(815301076,1909f56bfc062723c751e8b465ee728b)
Start importing Assets/Photon/PhotonUnityNetworking/Demos/Shared Assets/Animations/HumanoidCrouch.fbx using Guid(d89ea37480b6d75458aa38843e9688dc) Importer(815301076,1909f56bfc062723c751e8b465ee728b)  -> (artifact id: '45d4ba7f2ec291b7cb90ee3dd58373cf') in 0.016877 seconds 
========================================================================
Received Import Request.
  Time since last request: 0.000030 seconds.
  path: Assets/Photon/PhotonVoice/Demos/DemoVoicePun/Resources/ZomBear-Local.prefab
  artifactKey: Guid(2126f6a7336d8a4409cf8a7e94649979) Importer(815301076,1909f56bfc062723c751e8b465ee728b)
Start importing Assets/Photon/PhotonVoice/Demos/DemoVoicePun/Resources/ZomBear-Local.prefab using Guid(2126f6a7336d8a4409cf8a7e94649979) Importer(815301076,1909f56bfc062723c751e8b465ee728b)  -> (artifact id: '623b1414f7f0bdfca68bc60df653f5b4') in 0.029834 seconds 
========================================================================
Received Import Request.
  Time since last request: 0.000032 seconds.
  path: Assets/Samples/XR Interaction Toolkit/2.3.2/Starter Assets/Prefabs/Interactables/Interactable Velocity Tracked Wedge.prefab
  artifactKey: Guid(d5615d616019430d9c2e8727e71c97fb) Importer(815301076,1909f56bfc062723c751e8b465ee728b)
Start importing Assets/Samples/XR Interaction Toolkit/2.3.2/Starter Assets/Prefabs/Interactables/Interactable Velocity Tracked Wedge.prefab using Guid(d5615d616019430d9c2e8727e71c97fb) Importer(815301076,1909f56bfc062723c751e8b465ee728b)  -> (artifact id: 'd408608170d237acac8ee329d3dce70e') in 0.025947 seconds 
========================================================================
Received Import Request.
  Time since last request: 0.000033 seconds.
  path: Assets/Samples/XR Interaction Toolkit/2.3.2/Starter Assets/Prefabs/XR Origin Pieces/XR Controller Right.prefab
  artifactKey: Guid(9f3369e30fbd31f4bb596b1a99babe83) Importer(815301076,1909f56bfc062723c751e8b465ee728b)
Start importing Assets/Samples/XR Interaction Toolkit/2.3.2/Starter Assets/Prefabs/XR Origin Pieces/XR Controller Right.prefab using Guid(9f3369e30fbd31f4bb596b1a99babe83) Importer(815301076,1909f56bfc062723c751e8b465ee728b)  -> (artifact id: '08a487cceb0b61db46ac5e5f455ee878') in 0.013925 seconds 
========================================================================
Received Import Request.
  Time since last request: 0.000027 seconds.
  path: Assets/Photon/PhotonUnityNetworking/Demos/DemoAsteroids/Models/Spaceship.fbx
  artifactKey: Guid(65e16ec6a1570944a980e4988e715ae6) Importer(815301076,1909f56bfc062723c751e8b465ee728b)
Start importing Assets/Photon/PhotonUnityNetworking/Demos/DemoAsteroids/Models/Spaceship.fbx using Guid(65e16ec6a1570944a980e4988e715ae6) Importer(815301076,1909f56bfc062723c751e8b465ee728b)  -> (artifact id: '3c7b71839680549e7d9b149cd4b50bb4') in 0.022839 seconds 
========================================================================
Received Import Request.
  Time since last request: 0.000029 seconds.
  path: Assets/Samples/XR Interaction Toolkit/2.3.2/Starter Assets/Models/XRControllerRight.fbx
  artifactKey: Guid(11cd62256b1d470f922b2c8e6446cc77) Importer(815301076,1909f56bfc062723c751e8b465ee728b)
Start importing Assets/Samples/XR Interaction Toolkit/2.3.2/Starter Assets/Models/XRControllerRight.fbx using Guid(11cd62256b1d470f922b2c8e6446cc77) Importer(815301076,1909f56bfc062723c751e8b465ee728b)  -> (artifact id: '10b3441505cc523fd63fe37bd4cba5d6') in 0.111127 seconds 
========================================================================
Received Import Request.
  Time since last request: 0.000042 seconds.
  path: Assets/Samples/XR Interaction Toolkit/2.3.2/Starter Assets/Prefabs/Interactables/Interactable Kinematic Torus.prefab
  artifactKey: Guid(521327bdbcb341f782d36f02cab76cb0) Importer(815301076,1909f56bfc062723c751e8b465ee728b)
Start importing Assets/Samples/XR Interaction Toolkit/2.3.2/Starter Assets/Prefabs/Interactables/Interactable Kinematic Torus.prefab using Guid(521327bdbcb341f782d36f02cab76cb0) Importer(815301076,1909f56bfc062723c751e8b465ee728b)  -> (artifact id: '2b0941209e7f5bda674228e7bbe61b5c') in 0.017249 seconds 
========================================================================
Received Import Request.
  Time since last request: 0.000071 seconds.
  path: Assets/Samples/XR Interaction Toolkit/2.3.2/Starter Assets/Prefabs/Interactables/Interactable Instant Pyramid.prefab
  artifactKey: Guid(2ed984a58a974166bf92c82a74380454) Importer(815301076,1909f56bfc062723c751e8b465ee728b)
Start importing Assets/Samples/XR Interaction Toolkit/2.3.2/Starter Assets/Prefabs/Interactables/Interactable Instant Pyramid.prefab using Guid(2ed984a58a974166bf92c82a74380454) Importer(815301076,1909f56bfc062723c751e8b465ee728b)  -> (artifact id: '7bef3c8b19e10a5656ed1fffb29f9411') in 0.019447 seconds 
========================================================================
Received Import Request.
  Time since last request: 0.000033 seconds.
  path: Assets/Resources/PhotonVR/Assets/VRBody.fbx
  artifactKey: Guid(0905d224692d0f543a9fad854bc45def) Importer(815301076,1909f56bfc062723c751e8b465ee728b)
Start importing Assets/Resources/PhotonVR/Assets/VRBody.fbx using Guid(0905d224692d0f543a9fad854bc45def) Importer(815301076,1909f56bfc062723c751e8b465ee728b)  -> (artifact id: 'ac675ccb0a5b7a4343b0bd9c7329d33f') in 0.024807 seconds 
========================================================================
Received Import Request.
  Time since last request: 0.000052 seconds.
  path: Assets/Normal/Examples/VR Player/Realtime + VR Player.prefab
  artifactKey: Guid(fca9d4afb3743274e8f7da14019d7e0b) Importer(815301076,1909f56bfc062723c751e8b465ee728b)
Start importing Assets/Normal/Examples/VR Player/Realtime + VR Player.prefab using Guid(fca9d4afb3743274e8f7da14019d7e0b) Importer(815301076,1909f56bfc062723c751e8b465ee728b)  -> (artifact id: '315ea0c4cbe1ff58e9aff6688adbf1ee') in 0.010438 seconds 
========================================================================
Received Import Request.
  Time since last request: 0.000024 seconds.
  path: Assets/Photon/PhotonVoice/Demos/DemoVoicePun/Stylized city/Environment.prefab
  artifactKey: Guid(c3a730cb090b60746a894f9331166d55) Importer(815301076,1909f56bfc062723c751e8b465ee728b)
Start importing Assets/Photon/PhotonVoice/Demos/DemoVoicePun/Stylized city/Environment.prefab using Guid(c3a730cb090b60746a894f9331166d55) Importer(815301076,1909f56bfc062723c751e8b465ee728b)  -> (artifact id: '66b54ee8eded7ca34df3d59a6bf6d6a9') in 0.041873 seconds 
========================================================================
Received Import Request.
  Time since last request: 0.000033 seconds.
  path: Packages/com.unity.xr.legacyinputhelpers/Prefabs/XRRig.prefab
  artifactKey: Guid(c116b7497ab8ca34c9188965d4295e27) Importer(815301076,1909f56bfc062723c751e8b465ee728b)
Start importing Packages/com.unity.xr.legacyinputhelpers/Prefabs/XRRig.prefab using Guid(c116b7497ab8ca34c9188965d4295e27) Importer(815301076,1909f56bfc062723c751e8b465ee728b)  -> (artifact id: '371f64f626853adafa02d3858613cc69') in 0.008938 seconds 
========================================================================
Received Import Request.
  Time since last request: 0.000029 seconds.
  path: Assets/Resources/PhotonVR/Assets/VRHead.fbx
  artifactKey: Guid(ad30dc9b650bf1443a0b7de9dbb247c2) Importer(815301076,1909f56bfc062723c751e8b465ee728b)
Start importing Assets/Resources/PhotonVR/Assets/VRHead.fbx using Guid(ad30dc9b650bf1443a0b7de9dbb247c2) Importer(815301076,1909f56bfc062723c751e8b465ee728b)  -> (artifact id: '6b6f7d29f4327c3401f242df479fbb0c') in 0.027815 seconds 
========================================================================
Received Import Request.
  Time since last request: 0.000032 seconds.
  path: Assets/Normal/Examples/VR Player/Resources/VR Player.prefab
  artifactKey: Guid(132fa799030920d4cb15dfab7ec5c45f) Importer(815301076,1909f56bfc062723c751e8b465ee728b)
Start importing Assets/Normal/Examples/VR Player/Resources/VR Player.prefab using Guid(132fa799030920d4cb15dfab7ec5c45f) Importer(815301076,1909f56bfc062723c751e8b465ee728b)  -> (artifact id: '8b1bcfc7b68e13e862cd33b2e0046fd8') in 0.015605 seconds 
========================================================================
Received Import Request.
  Time since last request: 0.000033 seconds.
  path: Assets/Samples/XR Interaction Toolkit/2.3.2/Starter Assets/Prefabs/Teleport/Teleport Anchor.prefab
  artifactKey: Guid(fad94b617f0540568dbf4c9c4011248c) Importer(815301076,1909f56bfc062723c751e8b465ee728b)
Start importing Assets/Samples/XR Interaction Toolkit/2.3.2/Starter Assets/Prefabs/Teleport/Teleport Anchor.prefab using Guid(fad94b617f0540568dbf4c9c4011248c) Importer(815301076,1909f56bfc062723c751e8b465ee728b)  -> (artifact id: 'bea0f9fbbcee4ceb47b57cebb6f90d5b') in 0.014629 seconds 
========================================================================
Received Import Request.
  Time since last request: 0.000051 seconds.
  path: Assets/Photon/PhotonUnityNetworking/Demos/DemoSlotRacer/Kenney Assets/Racing Kit/Models/rail.fbx
  artifactKey: Guid(c0c42e3ceebd42943ade3b7414c47afd) Importer(815301076,1909f56bfc062723c751e8b465ee728b)
Start importing Assets/Photon/PhotonUnityNetworking/Demos/DemoSlotRacer/Kenney Assets/Racing Kit/Models/rail.fbx using Guid(c0c42e3ceebd42943ade3b7414c47afd) Importer(815301076,1909f56bfc062723c751e8b465ee728b)  -> (artifact id: '5bd71f0c8ee8f34ace504cc7791fa990') in 0.020199 seconds 
========================================================================
Received Import Request.
  Time since last request: 0.000036 seconds.
  path: Assets/Photon/PhotonVoice/Demos/DemoVoicePun/Stylized city/Models/tree_1.FBX
  artifactKey: Guid(a9b863560a3c5bd488fee66fe7190f36) Importer(815301076,1909f56bfc062723c751e8b465ee728b)
Start importing Assets/Photon/PhotonVoice/Demos/DemoVoicePun/Stylized city/Models/tree_1.FBX using Guid(a9b863560a3c5bd488fee66fe7190f36) Importer(815301076,1909f56bfc062723c751e8b465ee728b)  -> (artifact id: '11b2a228052f4a11d0bb23b3712ce87d') in 0.067262 seconds 
========================================================================
Received Import Request.
  Time since last request: 0.000031 seconds.
  path: Assets/Photon/PhotonVoice/Demos/Fusion/DemoFollowState/RunnerAndVoice.prefab
  artifactKey: Guid(a0567d83810911a44b06744b74518085) Importer(815301076,1909f56bfc062723c751e8b465ee728b)
Start importing Assets/Photon/PhotonVoice/Demos/Fusion/DemoFollowState/RunnerAndVoice.prefab using Guid(a0567d83810911a44b06744b74518085) Importer(815301076,1909f56bfc062723c751e8b465ee728b)  -> (artifact id: '06d55959dac91f7090a905d927aad2f1') in 0.005039 seconds 
========================================================================
Received Import Request.
  Time since last request: 0.000027 seconds.
  path: Assets/Photon/PhotonUnityNetworking/Demos/DemoSlotRacer/Kenney Assets/Stylized city/Models/hamvee.FBX
  artifactKey: Guid(7b912c5dfa554a04296ecbf246180058) Importer(815301076,1909f56bfc062723c751e8b465ee728b)
Start importing Assets/Photon/PhotonUnityNetworking/Demos/DemoSlotRacer/Kenney Assets/Stylized city/Models/hamvee.FBX using Guid(7b912c5dfa554a04296ecbf246180058) Importer(815301076,1909f56bfc062723c751e8b465ee728b)  -> (artifact id: '646e60a608fe19039f1c5a02bd0e7a02') in 0.083857 seconds 
========================================================================
Received Import Request.
  Time since last request: 0.000030 seconds.
  path: Assets/Photon/PhotonUnityNetworking/Demos/Shared Assets/Animations/HumanoidRunTurn.fbx
  artifactKey: Guid(1062212255550964e974f3ffb3cbaae3) Importer(815301076,1909f56bfc062723c751e8b465ee728b)
Start importing Assets/Photon/PhotonUnityNetworking/Demos/Shared Assets/Animations/HumanoidRunTurn.fbx using Guid(1062212255550964e974f3ffb3cbaae3) Importer(815301076,1909f56bfc062723c751e8b465ee728b)  -> (artifact id: '77679ddc06bc9de27d2fb40af945a410') in 0.011587 seconds 
========================================================================
Received Import Request.
  Time since last request: 0.000045 seconds.
  path: Assets/Resources/PhotonVR/Prefabs/Testing/CosmeticsChanger.prefab
  artifactKey: Guid(20080bab5b554ea4bbe13bcb3036f3c1) Importer(815301076,1909f56bfc062723c751e8b465ee728b)
Start importing Assets/Resources/PhotonVR/Prefabs/Testing/CosmeticsChanger.prefab using Guid(20080bab5b554ea4bbe13bcb3036f3c1) Importer(815301076,1909f56bfc062723c751e8b465ee728b)  -> (artifact id: '5f12c710ae2f6ae869a310a40aa48d1e') in 0.005539 seconds 
========================================================================
Received Import Request.
  Time since last request: 0.000039 seconds.
  path: Assets/mat/microwave_without2_screen_or_back_with_da_plant.obj
  artifactKey: Guid(f8dad0f3676bf3e4a83f5d0a28ff2d8e) Importer(815301076,1909f56bfc062723c751e8b465ee728b)
Start importing Assets/mat/microwave_without2_screen_or_back_with_da_plant.obj using Guid(f8dad0f3676bf3e4a83f5d0a28ff2d8e) Importer(815301076,1909f56bfc062723c751e8b465ee728b)  -> (artifact id: '9cd0a680f4b9dc4b894e379dce376f4d') in 0.027332 seconds 
========================================================================
Received Import Request.
  Time since last request: 0.000032 seconds.
  path: Assets/Photon/PhotonUnityNetworking/Demos/DemoSlotRacer/Prefabs/SlotCar_C.prefab
  artifactKey: Guid(1fd2963e35ed24ba89705127fca0fba1) Importer(815301076,1909f56bfc062723c751e8b465ee728b)
Start importing Assets/Photon/PhotonUnityNetworking/Demos/DemoSlotRacer/Prefabs/SlotCar_C.prefab using Guid(1fd2963e35ed24ba89705127fca0fba1) Importer(815301076,1909f56bfc062723c751e8b465ee728b)  -> (artifact id: '7f36d956412adc1ad1aa4601b077c3a9') in 0.016377 seconds 
========================================================================
Received Import Request.
  Time since last request: 0.000025 seconds.
  path: Assets/Normal/Examples/VR Player/Models/RightHandModel.fbx
  artifactKey: Guid(76bc15fe3bdcf5342ace6a4ae91af11a) Importer(815301076,1909f56bfc062723c751e8b465ee728b)
Start importing Assets/Normal/Examples/VR Player/Models/RightHandModel.fbx using Guid(76bc15fe3bdcf5342ace6a4ae91af11a) Importer(815301076,1909f56bfc062723c751e8b465ee728b)  -> (artifact id: 'd5a478b933a302f76dc2c0bcb34718bf') in 0.025342 seconds 
========================================================================
Received Import Request.
  Time since last request: 0.000032 seconds.
  path: Assets/Samples/XR Interaction Toolkit/2.3.2/Starter Assets/Prefabs/Interactables/Interaction Affordance.prefab
  artifactKey: Guid(eb9104ef66b7305468adb3697fdeed5e) Importer(815301076,1909f56bfc062723c751e8b465ee728b)
Start importing Assets/Samples/XR Interaction Toolkit/2.3.2/Starter Assets/Prefabs/Interactables/Interaction Affordance.prefab using Guid(eb9104ef66b7305468adb3697fdeed5e) Importer(815301076,1909f56bfc062723c751e8b465ee728b)  -> (artifact id: 'd61f9ef412711143d336ec638c6ec6fd') in 0.006333 seconds 
========================================================================
Received Import Request.
  Time since last request: 0.000027 seconds.
  path: Assets/Photon/PhotonVoice/Demos/DemoVoicePun/Stylized city/Models/tree_6.FBX
  artifactKey: Guid(1369ef9ec9ae7ea4e95df4856ce03ebc) Importer(815301076,1909f56bfc062723c751e8b465ee728b)
Start importing Assets/Photon/PhotonVoice/Demos/DemoVoicePun/Stylized city/Models/tree_6.FBX using Guid(1369ef9ec9ae7ea4e95df4856ce03ebc) Importer(815301076,1909f56bfc062723c751e8b465ee728b)  -> (artifact id: '51360587b9986c1c52e6564d8b243ddb') in 0.053398 seconds 
========================================================================
Received Import Request.
  Time since last request: 0.000029 seconds.
  path: Assets/Normal/Examples/VR Player/Models/LeftHandModel.fbx
  artifactKey: Guid(63d3e98e570932546b712b8f10c08d46) Importer(815301076,1909f56bfc062723c751e8b465ee728b)
Start importing Assets/Normal/Examples/VR Player/Models/LeftHandModel.fbx using Guid(63d3e98e570932546b712b8f10c08d46) Importer(815301076,1909f56bfc062723c751e8b465ee728b)  -> (artifact id: '493d4f17e63ee5afc0bc109181aa96a2') in 0.027099 seconds 
========================================================================
Received Prepare
Registering precompiled user dll's ...
Registered in 0.024838 seconds.
Begin MonoManager ReloadAssembly
Symbol file LoadedFromMemory doesn't match image C:\Users\dragon\Documents\GitHub\marshmellow\Library\PackageCache\com.unity.visualscripting@1.8.0\Editor\VisualScripting.Core\Dependencies\DotNetZip\Unity.VisualScripting.IonicZip.dll
Symbol file LoadedFromMemory doesn't match image C:\Users\dragon\Documents\GitHub\marshmellow\Library\PackageCache\com.unity.visualscripting@1.8.0\Editor\VisualScripting.Core\Dependencies\YamlDotNet\Unity.VisualScripting.YamlDotNet.dll
Native extension for WindowsStandalone target not found
Native extension for Android target not found
Refreshing native plugins compatible for Editor in 2.13 ms, found 16 plugins.
Preloading 1 native plugins for Editor in 0.27 ms.
System.Reflection.TargetInvocationException: Exception has been thrown by the target of an invocation. ---> System.NullReferenceException: Object reference not set to an instance of an object
  at Unity.XR.Oculus.OculusLoader.AssetPathToAbsolutePath (System.String assetPath) [0x0003d] in C:\Users\dragon\Documents\GitHub\marshmellow\Library\PackageCache\com.unity.xr.oculus@3.3.0\Runtime\OculusLoader.cs:282 
  at Unity.XR.Oculus.OculusLoader.EditorLoadOVRPlugin () [0x0007b] in C:\Users\dragon\Documents\GitHub\marshmellow\Library\PackageCache\com.unity.xr.oculus@3.3.0\Runtime\OculusLoader.cs:267 
  at (wrapper managed-to-native) System.Reflection.RuntimeMethodInfo.InternalInvoke(System.Reflection.RuntimeMethodInfo,object,object[],System.Exception&)
  at System.Reflection.RuntimeMethodInfo.Invoke (System.Object obj, System.Reflection.BindingFlags invokeAttr, System.Reflection.Binder binder, System.Object[] parameters, System.Globalization.CultureInfo culture) [0x0006a] in <1c8569827291471e9db0dcd976e97952>:0 
   --- End of inner exception stack trace ---
  at System.Reflection.RuntimeMethodInfo.Invoke (System.Object obj, System.Reflection.BindingFlags invokeAttr, System.Reflection.Binder binder, System.Object[] parameters, System.Globalization.CultureInfo culture) [0x00083] in <1c8569827291471e9db0dcd976e97952>:0 
  at System.Reflection.MethodBase.Invoke (System.Object obj, System.Object[] parameters) [0x00000] in <1c8569827291471e9db0dcd976e97952>:0 
  at UnityEditor.EditorAssemblies.ProcessInitializeOnLoadMethodAttributes () [0x000a5] in <8117508d098d40e7b6cab2e14abb2fdc>:0 
UnityEngine.StackTraceUtility:ExtractStackTrace ()
UnityEngine.DebugLogHandler:LogFormat (UnityEngine.LogType,UnityEngine.Object,string,object[])
UnityEngine.Logger:Log (UnityEngine.LogType,object)
UnityEngine.Debug:LogError (object)
UnityEditor.EditorAssemblies:ProcessInitializeOnLoadMethodAttributes ()

Mono: successfully reloaded assembly
- Completed reload, in  1.770 seconds
Domain Reload Profiling:
	ReloadAssembly (1771ms)
		BeginReloadAssembly (210ms)
			ExecutionOrderSort (0ms)
			DisableScriptedObjects (5ms)
			BackupInstance (0ms)
			ReleaseScriptingObjects (0ms)
			CreateAndSetChildDomain (61ms)
		EndReloadAssembly (1417ms)
			LoadAssemblies (149ms)
			RebuildTransferFunctionScriptingTraits (0ms)
			SetupTypeCache (424ms)
			ReleaseScriptCaches (2ms)
			RebuildScriptCaches (63ms)
			SetupLoadedEditorAssemblies (653ms)
				LogAssemblyErrors (0ms)
				InitializePlatformSupportModulesInManaged (35ms)
				SetLoadedEditorAssemblies (1ms)
				RefreshPlugins (3ms)
				BeforeProcessingInitializeOnLoad (145ms)
				ProcessInitializeOnLoadAttributes (372ms)
				ProcessInitializeOnLoadMethodAttributes (80ms)
				AfterProcessingInitializeOnLoad (17ms)
				EditorAssembliesLoaded (0ms)
			ExecutionOrderSort2 (0ms)
			AwakeInstancesAfterBackupRestoration (8ms)
Platform modules already initialized, skipping
Refreshing native plugins compatible for Editor in 16.91 ms, found 16 plugins.
Preloading 1 native plugins for Editor in 0.16 ms.
Unloading 4694 Unused Serialized files (Serialized files now loaded: 0)
Unloading 105 unused Assets / (61.1 KB). Loaded Objects now: 5260.
Memory consumption went from 191.8 MB to 191.7 MB.
Total: 5.483400 ms (FindLiveObjects: 0.591700 ms CreateObjectMapping: 0.200600 ms MarkObjects: 4.466400 ms  DeleteObjects: 0.222200 ms)

AssetImportParameters requested are different than current active one (requested -> active):
  custom:video-decoder-ogg-theora: a1e56fd34408186e4bbccfd4996cb3dc -> 
  custom:container-muxer-webm: aa71ff27fc2769a1b78a27578f13a17b -> 
  custom:container-demuxer-webm: 4f35f7cbe854078d1ac9338744f61a02 -> 
  custom:video-encoder-webm-vp8: eb34c28f22e8b96e1ab97ce403110664 -> 
  custom:audio-encoder-webm-vorbis: bf7c407c2cedff20999df2af8eb42d56 -> 
  custom:framework-win-MediaFoundation: 216162199b28c13a410421893ffa2e32 -> 
  custom:container-demuxer-ogg: 62fdf1f143b41e24485cea50d1cbac27 -> 
  custom:video-decoder-webm-vp8: 9c59270c3fd7afecdb556c50c9e8de78 -> 
  custom:audio-decoder-ogg-vorbis: bf7c407c2cedff20999df2af8eb42d56 -> 
